{"/Users/karl/TraiNER-Front-Backend/TraiNER-Frontend/src/api/texoo-datamodel.js": {"path":"/Users/karl/TraiNER-Front-Backend/TraiNER-Frontend/src/api/texoo-datamodel.js","statementMap":{"0":{"start":{"line":3,"column":4},"end":{"line":3,"column":25}},"1":{"start":{"line":4,"column":4},"end":{"line":4,"column":35}},"2":{"start":{"line":5,"column":4},"end":{"line":5,"column":19}},"3":{"start":{"line":6,"column":4},"end":{"line":6,"column":21}},"4":{"start":{"line":7,"column":4},"end":{"line":7,"column":23}},"5":{"start":{"line":8,"column":4},"end":{"line":8,"column":25}},"6":{"start":{"line":9,"column":4},"end":{"line":9,"column":21}},"7":{"start":{"line":12,"column":18},"end":{"line":12,"column":37}},"8":{"start":{"line":13,"column":23},"end":{"line":13,"column":47}},"9":{"start":{"line":14,"column":15},"end":{"line":14,"column":31}},"10":{"start":{"line":15,"column":16},"end":{"line":15,"column":33}},"11":{"start":{"line":16,"column":17},"end":{"line":16,"column":35}},"12":{"start":{"line":17,"column":18},"end":{"line":17,"column":37}},"13":{"start":{"line":18,"column":16},"end":{"line":18,"column":33}},"14":{"start":{"line":20,"column":24},"end":{"line":20,"column":45}},"15":{"start":{"line":21,"column":34},"end":{"line":21,"column":65}},"16":{"start":{"line":22,"column":18},"end":{"line":22,"column":33}},"17":{"start":{"line":23,"column":20},"end":{"line":23,"column":37}},"18":{"start":{"line":24,"column":22},"end":{"line":24,"column":41}},"19":{"start":{"line":25,"column":24},"end":{"line":25,"column":45}},"20":{"start":{"line":26,"column":20},"end":{"line":26,"column":37}},"21":{"start":{"line":29,"column":14},"end":{"line":29,"column":16}},"22":{"start":{"line":31,"column":4},"end":{"line":35,"column":5}},"23":{"start":{"line":32,"column":33},"end":{"line":32,"column":53}},"24":{"start":{"line":33,"column":18},"end":{"line":33,"column":44}},"25":{"start":{"line":34,"column":6},"end":{"line":34,"column":62}},"26":{"start":{"line":37,"column":4},"end":{"line":37,"column":14}},"27":{"start":{"line":41,"column":17},"end":{"line":41,"column":19}},"28":{"start":{"line":43,"column":4},"end":{"line":47,"column":5}},"29":{"start":{"line":44,"column":33},"end":{"line":44,"column":53}},"30":{"start":{"line":45,"column":18},"end":{"line":45,"column":44}},"31":{"start":{"line":46,"column":6},"end":{"line":46,"column":42}},"32":{"start":{"line":49,"column":4},"end":{"line":49,"column":17}},"33":{"start":{"line":55,"column":4},"end":{"line":55,"column":62}},"34":{"start":{"line":56,"column":4},"end":{"line":56,"column":25}},"35":{"start":{"line":57,"column":4},"end":{"line":57,"column":23}},"36":{"start":{"line":58,"column":4},"end":{"line":58,"column":35}},"37":{"start":{"line":59,"column":4},"end":{"line":59,"column":29}},"38":{"start":{"line":60,"column":4},"end":{"line":60,"column":31}},"39":{"start":{"line":61,"column":4},"end":{"line":61,"column":25}},"40":{"start":{"line":62,"column":4},"end":{"line":62,"column":17}},"41":{"start":{"line":63,"column":4},"end":{"line":63,"column":29}},"42":{"start":{"line":64,"column":4},"end":{"line":64,"column":43}},"43":{"start":{"line":65,"column":4},"end":{"line":65,"column":23}},"44":{"start":{"line":68,"column":18},"end":{"line":68,"column":37}},"45":{"start":{"line":69,"column":17},"end":{"line":69,"column":35}},"46":{"start":{"line":70,"column":23},"end":{"line":70,"column":47}},"47":{"start":{"line":71,"column":20},"end":{"line":71,"column":41}},"48":{"start":{"line":72,"column":21},"end":{"line":72,"column":43}},"49":{"start":{"line":73,"column":18},"end":{"line":73,"column":37}},"50":{"start":{"line":74,"column":14},"end":{"line":74,"column":29}},"51":{"start":{"line":75,"column":20},"end":{"line":75,"column":41}},"52":{"start":{"line":76,"column":27},"end":{"line":76,"column":55}},"53":{"start":{"line":77,"column":17},"end":{"line":77,"column":35}},"54":{"start":{"line":79,"column":24},"end":{"line":79,"column":45}},"55":{"start":{"line":80,"column":22},"end":{"line":80,"column":41}},"56":{"start":{"line":81,"column":34},"end":{"line":81,"column":65}},"57":{"start":{"line":82,"column":28},"end":{"line":82,"column":53}},"58":{"start":{"line":83,"column":30},"end":{"line":83,"column":57}},"59":{"start":{"line":84,"column":24},"end":{"line":84,"column":45}},"60":{"start":{"line":85,"column":16},"end":{"line":85,"column":29}},"61":{"start":{"line":86,"column":28},"end":{"line":86,"column":53}},"62":{"start":{"line":87,"column":42},"end":{"line":87,"column":81}},"63":{"start":{"line":88,"column":22},"end":{"line":88,"column":51}},"64":{"start":{"line":91,"column":4},"end":{"line":91,"column":93}},"65":{"start":{"line":91,"column":50},"end":{"line":91,"column":92}},"66":{"start":{"line":95,"column":24},"end":{"line":95,"column":106}},"67":{"start":{"line":95,"column":63},"end":{"line":95,"column":105}},"68":{"start":{"line":96,"column":22},"end":{"line":96,"column":104}},"69":{"start":{"line":96,"column":61},"end":{"line":96,"column":103}},"70":{"start":{"line":97,"column":4},"end":{"line":97,"column":83}},"71":{"start":{"line":97,"column":36},"end":{"line":97,"column":83}},"72":{"start":{"line":98,"column":4},"end":{"line":98,"column":22}},"73":{"start":{"line":104,"column":4},"end":{"line":104,"column":62}},"74":{"start":{"line":105,"column":4},"end":{"line":105,"column":35}},"75":{"start":{"line":106,"column":4},"end":{"line":106,"column":23}},"76":{"start":{"line":107,"column":4},"end":{"line":107,"column":19}},"77":{"start":{"line":108,"column":4},"end":{"line":108,"column":23}},"78":{"start":{"line":109,"column":4},"end":{"line":109,"column":25}},"79":{"start":{"line":110,"column":4},"end":{"line":110,"column":23}},"80":{"start":{"line":111,"column":4},"end":{"line":111,"column":17}},"81":{"start":{"line":114,"column":23},"end":{"line":114,"column":47}},"82":{"start":{"line":115,"column":17},"end":{"line":115,"column":35}},"83":{"start":{"line":116,"column":15},"end":{"line":116,"column":31}},"84":{"start":{"line":117,"column":17},"end":{"line":117,"column":35}},"85":{"start":{"line":118,"column":18},"end":{"line":118,"column":37}},"86":{"start":{"line":119,"column":17},"end":{"line":119,"column":35}},"87":{"start":{"line":120,"column":14},"end":{"line":120,"column":29}},"88":{"start":{"line":122,"column":34},"end":{"line":122,"column":65}},"89":{"start":{"line":123,"column":22},"end":{"line":123,"column":41}},"90":{"start":{"line":124,"column":18},"end":{"line":124,"column":33}},"91":{"start":{"line":125,"column":22},"end":{"line":125,"column":41}},"92":{"start":{"line":126,"column":24},"end":{"line":126,"column":45}},"93":{"start":{"line":127,"column":22},"end":{"line":127,"column":41}},"94":{"start":{"line":128,"column":16},"end":{"line":128,"column":29}},"95":{"start":{"line":133,"column":4},"end":{"line":133,"column":62}},"96":{"start":{"line":134,"column":4},"end":{"line":134,"column":25}},"97":{"start":{"line":135,"column":4},"end":{"line":135,"column":33}},"98":{"start":{"line":136,"column":4},"end":{"line":136,"column":29}},"99":{"start":{"line":137,"column":4},"end":{"line":137,"column":23}},"100":{"start":{"line":138,"column":4},"end":{"line":138,"column":33}},"101":{"start":{"line":141,"column":18},"end":{"line":141,"column":37}},"102":{"start":{"line":142,"column":22},"end":{"line":142,"column":45}},"103":{"start":{"line":143,"column":20},"end":{"line":143,"column":41}},"104":{"start":{"line":144,"column":17},"end":{"line":144,"column":35}},"105":{"start":{"line":145,"column":22},"end":{"line":145,"column":45}},"106":{"start":{"line":147,"column":24},"end":{"line":147,"column":45}},"107":{"start":{"line":148,"column":32},"end":{"line":148,"column":61}},"108":{"start":{"line":149,"column":28},"end":{"line":149,"column":53}},"109":{"start":{"line":150,"column":22},"end":{"line":150,"column":41}},"110":{"start":{"line":151,"column":32},"end":{"line":151,"column":61}},"111":{"start":{"line":156,"column":4},"end":{"line":156,"column":92}},"112":{"start":{"line":157,"column":4},"end":{"line":157,"column":31}},"113":{"start":{"line":158,"column":4},"end":{"line":158,"column":47}},"114":{"start":{"line":161,"column":21},"end":{"line":161,"column":43}},"115":{"start":{"line":162,"column":29},"end":{"line":162,"column":59}},"116":{"start":{"line":164,"column":30},"end":{"line":164,"column":57}},"117":{"start":{"line":165,"column":46},"end":{"line":165,"column":89}},"118":{"start":{"line":170,"column":4},"end":{"line":170,"column":62}},"119":{"start":{"line":171,"column":4},"end":{"line":171,"column":29}},"120":{"start":{"line":172,"column":4},"end":{"line":172,"column":25}},"121":{"start":{"line":173,"column":4},"end":{"line":173,"column":31}},"122":{"start":{"line":176,"column":20},"end":{"line":176,"column":41}},"123":{"start":{"line":177,"column":18},"end":{"line":177,"column":37}},"124":{"start":{"line":178,"column":21},"end":{"line":178,"column":43}},"125":{"start":{"line":180,"column":28},"end":{"line":180,"column":53}},"126":{"start":{"line":181,"column":24},"end":{"line":181,"column":45}},"127":{"start":{"line":182,"column":30},"end":{"line":182,"column":57}},"128":{"start":{"line":187,"column":4},"end":{"line":187,"column":62}},"129":{"start":{"line":188,"column":4},"end":{"line":188,"column":25}},"130":{"start":{"line":189,"column":4},"end":{"line":189,"column":23}},"131":{"start":{"line":192,"column":18},"end":{"line":192,"column":37}},"132":{"start":{"line":193,"column":17},"end":{"line":193,"column":35}},"133":{"start":{"line":195,"column":24},"end":{"line":195,"column":45}},"134":{"start":{"line":196,"column":22},"end":{"line":196,"column":41}},"135":{"start":{"line":201,"column":4},"end":{"line":201,"column":62}},"136":{"start":{"line":202,"column":4},"end":{"line":202,"column":23}},"137":{"start":{"line":205,"column":17},"end":{"line":205,"column":34}},"138":{"start":{"line":207,"column":22},"end":{"line":207,"column":41}},"139":{"start":{"line":212,"column":4},"end":{"line":212,"column":21}},"140":{"start":{"line":213,"column":4},"end":{"line":213,"column":41}},"141":{"start":{"line":214,"column":4},"end":{"line":214,"column":29}},"142":{"start":{"line":215,"column":4},"end":{"line":215,"column":19}},"143":{"start":{"line":216,"column":4},"end":{"line":216,"column":31}},"144":{"start":{"line":217,"column":4},"end":{"line":217,"column":41}},"145":{"start":{"line":220,"column":16},"end":{"line":220,"column":33}},"146":{"start":{"line":221,"column":26},"end":{"line":221,"column":53}},"147":{"start":{"line":222,"column":20},"end":{"line":222,"column":41}},"148":{"start":{"line":223,"column":15},"end":{"line":223,"column":31}},"149":{"start":{"line":224,"column":21},"end":{"line":224,"column":43}},"150":{"start":{"line":225,"column":26},"end":{"line":225,"column":53}},"151":{"start":{"line":227,"column":20},"end":{"line":227,"column":37}},"152":{"start":{"line":228,"column":40},"end":{"line":228,"column":77}},"153":{"start":{"line":229,"column":28},"end":{"line":229,"column":53}},"154":{"start":{"line":230,"column":18},"end":{"line":230,"column":33}},"155":{"start":{"line":231,"column":30},"end":{"line":231,"column":57}},"156":{"start":{"line":232,"column":40},"end":{"line":232,"column":77}},"157":{"start":{"line":237,"column":4},"end":{"line":237,"column":19}},"158":{"start":{"line":238,"column":4},"end":{"line":238,"column":21}},"159":{"start":{"line":239,"column":4},"end":{"line":239,"column":25}},"160":{"start":{"line":240,"column":4},"end":{"line":240,"column":31}},"161":{"start":{"line":241,"column":4},"end":{"line":241,"column":27}},"162":{"start":{"line":244,"column":15},"end":{"line":244,"column":31}},"163":{"start":{"line":245,"column":16},"end":{"line":245,"column":33}},"164":{"start":{"line":246,"column":18},"end":{"line":246,"column":37}},"165":{"start":{"line":247,"column":21},"end":{"line":247,"column":43}},"166":{"start":{"line":248,"column":19},"end":{"line":248,"column":39}},"167":{"start":{"line":250,"column":18},"end":{"line":250,"column":33}},"168":{"start":{"line":251,"column":20},"end":{"line":251,"column":37}},"169":{"start":{"line":252,"column":24},"end":{"line":252,"column":45}},"170":{"start":{"line":253,"column":30},"end":{"line":253,"column":57}},"171":{"start":{"line":254,"column":26},"end":{"line":254,"column":49}},"172":{"start":{"line":259,"column":4},"end":{"line":259,"column":19}},"173":{"start":{"line":260,"column":4},"end":{"line":260,"column":21}},"174":{"start":{"line":261,"column":4},"end":{"line":261,"column":25}},"175":{"start":{"line":264,"column":15},"end":{"line":264,"column":31}},"176":{"start":{"line":265,"column":16},"end":{"line":265,"column":33}},"177":{"start":{"line":266,"column":18},"end":{"line":266,"column":37}},"178":{"start":{"line":268,"column":18},"end":{"line":268,"column":33}},"179":{"start":{"line":269,"column":20},"end":{"line":269,"column":37}},"180":{"start":{"line":270,"column":24},"end":{"line":270,"column":45}}},"fnMap":{"0":{"name":"(anonymous_0)","decl":{"start":{"line":2,"column":2},"end":{"line":2,"column":3}},"loc":{"start":{"line":2,"column":68},"end":{"line":10,"column":3}},"line":2},"1":{"name":"(anonymous_1)","decl":{"start":{"line":12,"column":2},"end":{"line":12,"column":3}},"loc":{"start":{"line":12,"column":16},"end":{"line":12,"column":39}},"line":12},"2":{"name":"(anonymous_2)","decl":{"start":{"line":13,"column":2},"end":{"line":13,"column":3}},"loc":{"start":{"line":13,"column":21},"end":{"line":13,"column":49}},"line":13},"3":{"name":"(anonymous_3)","decl":{"start":{"line":14,"column":2},"end":{"line":14,"column":3}},"loc":{"start":{"line":14,"column":13},"end":{"line":14,"column":33}},"line":14},"4":{"name":"(anonymous_4)","decl":{"start":{"line":15,"column":2},"end":{"line":15,"column":3}},"loc":{"start":{"line":15,"column":14},"end":{"line":15,"column":35}},"line":15},"5":{"name":"(anonymous_5)","decl":{"start":{"line":16,"column":2},"end":{"line":16,"column":3}},"loc":{"start":{"line":16,"column":15},"end":{"line":16,"column":37}},"line":16},"6":{"name":"(anonymous_6)","decl":{"start":{"line":17,"column":2},"end":{"line":17,"column":3}},"loc":{"start":{"line":17,"column":16},"end":{"line":17,"column":39}},"line":17},"7":{"name":"(anonymous_7)","decl":{"start":{"line":18,"column":2},"end":{"line":18,"column":3}},"loc":{"start":{"line":18,"column":14},"end":{"line":18,"column":35}},"line":18},"8":{"name":"(anonymous_8)","decl":{"start":{"line":20,"column":2},"end":{"line":20,"column":3}},"loc":{"start":{"line":20,"column":22},"end":{"line":20,"column":47}},"line":20},"9":{"name":"(anonymous_9)","decl":{"start":{"line":21,"column":2},"end":{"line":21,"column":3}},"loc":{"start":{"line":21,"column":32},"end":{"line":21,"column":67}},"line":21},"10":{"name":"(anonymous_10)","decl":{"start":{"line":22,"column":2},"end":{"line":22,"column":3}},"loc":{"start":{"line":22,"column":16},"end":{"line":22,"column":35}},"line":22},"11":{"name":"(anonymous_11)","decl":{"start":{"line":23,"column":2},"end":{"line":23,"column":3}},"loc":{"start":{"line":23,"column":18},"end":{"line":23,"column":39}},"line":23},"12":{"name":"(anonymous_12)","decl":{"start":{"line":24,"column":2},"end":{"line":24,"column":3}},"loc":{"start":{"line":24,"column":20},"end":{"line":24,"column":43}},"line":24},"13":{"name":"(anonymous_13)","decl":{"start":{"line":25,"column":2},"end":{"line":25,"column":3}},"loc":{"start":{"line":25,"column":22},"end":{"line":25,"column":47}},"line":25},"14":{"name":"(anonymous_14)","decl":{"start":{"line":26,"column":2},"end":{"line":26,"column":3}},"loc":{"start":{"line":26,"column":18},"end":{"line":26,"column":39}},"line":26},"15":{"name":"(anonymous_15)","decl":{"start":{"line":28,"column":2},"end":{"line":28,"column":3}},"loc":{"start":{"line":28,"column":14},"end":{"line":38,"column":3}},"line":28},"16":{"name":"(anonymous_16)","decl":{"start":{"line":40,"column":2},"end":{"line":40,"column":3}},"loc":{"start":{"line":40,"column":12},"end":{"line":50,"column":3}},"line":40},"17":{"name":"(anonymous_17)","decl":{"start":{"line":54,"column":2},"end":{"line":54,"column":3}},"loc":{"start":{"line":54,"column":163},"end":{"line":66,"column":3}},"line":54},"18":{"name":"(anonymous_18)","decl":{"start":{"line":68,"column":2},"end":{"line":68,"column":3}},"loc":{"start":{"line":68,"column":16},"end":{"line":68,"column":39}},"line":68},"19":{"name":"(anonymous_19)","decl":{"start":{"line":69,"column":2},"end":{"line":69,"column":3}},"loc":{"start":{"line":69,"column":15},"end":{"line":69,"column":37}},"line":69},"20":{"name":"(anonymous_20)","decl":{"start":{"line":70,"column":2},"end":{"line":70,"column":3}},"loc":{"start":{"line":70,"column":21},"end":{"line":70,"column":49}},"line":70},"21":{"name":"(anonymous_21)","decl":{"start":{"line":71,"column":2},"end":{"line":71,"column":3}},"loc":{"start":{"line":71,"column":18},"end":{"line":71,"column":43}},"line":71},"22":{"name":"(anonymous_22)","decl":{"start":{"line":72,"column":2},"end":{"line":72,"column":3}},"loc":{"start":{"line":72,"column":19},"end":{"line":72,"column":45}},"line":72},"23":{"name":"(anonymous_23)","decl":{"start":{"line":73,"column":2},"end":{"line":73,"column":3}},"loc":{"start":{"line":73,"column":16},"end":{"line":73,"column":39}},"line":73},"24":{"name":"(anonymous_24)","decl":{"start":{"line":74,"column":2},"end":{"line":74,"column":3}},"loc":{"start":{"line":74,"column":12},"end":{"line":74,"column":31}},"line":74},"25":{"name":"(anonymous_25)","decl":{"start":{"line":75,"column":2},"end":{"line":75,"column":3}},"loc":{"start":{"line":75,"column":18},"end":{"line":75,"column":43}},"line":75},"26":{"name":"(anonymous_26)","decl":{"start":{"line":76,"column":2},"end":{"line":76,"column":3}},"loc":{"start":{"line":76,"column":25},"end":{"line":76,"column":57}},"line":76},"27":{"name":"(anonymous_27)","decl":{"start":{"line":77,"column":2},"end":{"line":77,"column":3}},"loc":{"start":{"line":77,"column":15},"end":{"line":77,"column":37}},"line":77},"28":{"name":"(anonymous_28)","decl":{"start":{"line":79,"column":2},"end":{"line":79,"column":3}},"loc":{"start":{"line":79,"column":22},"end":{"line":79,"column":47}},"line":79},"29":{"name":"(anonymous_29)","decl":{"start":{"line":80,"column":2},"end":{"line":80,"column":3}},"loc":{"start":{"line":80,"column":20},"end":{"line":80,"column":43}},"line":80},"30":{"name":"(anonymous_30)","decl":{"start":{"line":81,"column":2},"end":{"line":81,"column":3}},"loc":{"start":{"line":81,"column":32},"end":{"line":81,"column":67}},"line":81},"31":{"name":"(anonymous_31)","decl":{"start":{"line":82,"column":2},"end":{"line":82,"column":3}},"loc":{"start":{"line":82,"column":26},"end":{"line":82,"column":55}},"line":82},"32":{"name":"(anonymous_32)","decl":{"start":{"line":83,"column":2},"end":{"line":83,"column":3}},"loc":{"start":{"line":83,"column":28},"end":{"line":83,"column":59}},"line":83},"33":{"name":"(anonymous_33)","decl":{"start":{"line":84,"column":2},"end":{"line":84,"column":3}},"loc":{"start":{"line":84,"column":22},"end":{"line":84,"column":47}},"line":84},"34":{"name":"(anonymous_34)","decl":{"start":{"line":85,"column":2},"end":{"line":85,"column":3}},"loc":{"start":{"line":85,"column":14},"end":{"line":85,"column":31}},"line":85},"35":{"name":"(anonymous_35)","decl":{"start":{"line":86,"column":2},"end":{"line":86,"column":3}},"loc":{"start":{"line":86,"column":26},"end":{"line":86,"column":55}},"line":86},"36":{"name":"(anonymous_36)","decl":{"start":{"line":87,"column":2},"end":{"line":87,"column":3}},"loc":{"start":{"line":87,"column":40},"end":{"line":87,"column":83}},"line":87},"37":{"name":"(anonymous_37)","decl":{"start":{"line":88,"column":2},"end":{"line":88,"column":3}},"loc":{"start":{"line":88,"column":20},"end":{"line":88,"column":53}},"line":88},"38":{"name":"(anonymous_38)","decl":{"start":{"line":90,"column":2},"end":{"line":90,"column":3}},"loc":{"start":{"line":90,"column":18},"end":{"line":92,"column":3}},"line":90},"39":{"name":"(anonymous_39)","decl":{"start":{"line":91,"column":36},"end":{"line":91,"column":37}},"loc":{"start":{"line":91,"column":50},"end":{"line":91,"column":92}},"line":91},"40":{"name":"(anonymous_40)","decl":{"start":{"line":94,"column":2},"end":{"line":94,"column":3}},"loc":{"start":{"line":94,"column":20},"end":{"line":99,"column":3}},"line":94},"41":{"name":"(anonymous_41)","decl":{"start":{"line":95,"column":49},"end":{"line":95,"column":50}},"loc":{"start":{"line":95,"column":63},"end":{"line":95,"column":105}},"line":95},"42":{"name":"(anonymous_42)","decl":{"start":{"line":96,"column":47},"end":{"line":96,"column":48}},"loc":{"start":{"line":96,"column":61},"end":{"line":96,"column":103}},"line":96},"43":{"name":"(anonymous_43)","decl":{"start":{"line":103,"column":2},"end":{"line":103,"column":3}},"loc":{"start":{"line":103,"column":119},"end":{"line":112,"column":3}},"line":103},"44":{"name":"(anonymous_44)","decl":{"start":{"line":114,"column":2},"end":{"line":114,"column":3}},"loc":{"start":{"line":114,"column":21},"end":{"line":114,"column":49}},"line":114},"45":{"name":"(anonymous_45)","decl":{"start":{"line":115,"column":2},"end":{"line":115,"column":3}},"loc":{"start":{"line":115,"column":15},"end":{"line":115,"column":37}},"line":115},"46":{"name":"(anonymous_46)","decl":{"start":{"line":116,"column":2},"end":{"line":116,"column":3}},"loc":{"start":{"line":116,"column":13},"end":{"line":116,"column":33}},"line":116},"47":{"name":"(anonymous_47)","decl":{"start":{"line":117,"column":2},"end":{"line":117,"column":3}},"loc":{"start":{"line":117,"column":15},"end":{"line":117,"column":37}},"line":117},"48":{"name":"(anonymous_48)","decl":{"start":{"line":118,"column":2},"end":{"line":118,"column":3}},"loc":{"start":{"line":118,"column":16},"end":{"line":118,"column":39}},"line":118},"49":{"name":"(anonymous_49)","decl":{"start":{"line":119,"column":2},"end":{"line":119,"column":3}},"loc":{"start":{"line":119,"column":15},"end":{"line":119,"column":37}},"line":119},"50":{"name":"(anonymous_50)","decl":{"start":{"line":120,"column":2},"end":{"line":120,"column":3}},"loc":{"start":{"line":120,"column":12},"end":{"line":120,"column":31}},"line":120},"51":{"name":"(anonymous_51)","decl":{"start":{"line":122,"column":2},"end":{"line":122,"column":3}},"loc":{"start":{"line":122,"column":32},"end":{"line":122,"column":67}},"line":122},"52":{"name":"(anonymous_52)","decl":{"start":{"line":123,"column":2},"end":{"line":123,"column":3}},"loc":{"start":{"line":123,"column":20},"end":{"line":123,"column":43}},"line":123},"53":{"name":"(anonymous_53)","decl":{"start":{"line":124,"column":2},"end":{"line":124,"column":3}},"loc":{"start":{"line":124,"column":16},"end":{"line":124,"column":35}},"line":124},"54":{"name":"(anonymous_54)","decl":{"start":{"line":125,"column":2},"end":{"line":125,"column":3}},"loc":{"start":{"line":125,"column":20},"end":{"line":125,"column":43}},"line":125},"55":{"name":"(anonymous_55)","decl":{"start":{"line":126,"column":2},"end":{"line":126,"column":3}},"loc":{"start":{"line":126,"column":22},"end":{"line":126,"column":47}},"line":126},"56":{"name":"(anonymous_56)","decl":{"start":{"line":127,"column":2},"end":{"line":127,"column":3}},"loc":{"start":{"line":127,"column":20},"end":{"line":127,"column":43}},"line":127},"57":{"name":"(anonymous_57)","decl":{"start":{"line":128,"column":2},"end":{"line":128,"column":3}},"loc":{"start":{"line":128,"column":14},"end":{"line":128,"column":31}},"line":128},"58":{"name":"(anonymous_58)","decl":{"start":{"line":132,"column":2},"end":{"line":132,"column":3}},"loc":{"start":{"line":132,"column":117},"end":{"line":139,"column":3}},"line":132},"59":{"name":"(anonymous_59)","decl":{"start":{"line":141,"column":2},"end":{"line":141,"column":3}},"loc":{"start":{"line":141,"column":16},"end":{"line":141,"column":39}},"line":141},"60":{"name":"(anonymous_60)","decl":{"start":{"line":142,"column":2},"end":{"line":142,"column":3}},"loc":{"start":{"line":142,"column":20},"end":{"line":142,"column":47}},"line":142},"61":{"name":"(anonymous_61)","decl":{"start":{"line":143,"column":2},"end":{"line":143,"column":3}},"loc":{"start":{"line":143,"column":18},"end":{"line":143,"column":43}},"line":143},"62":{"name":"(anonymous_62)","decl":{"start":{"line":144,"column":2},"end":{"line":144,"column":3}},"loc":{"start":{"line":144,"column":15},"end":{"line":144,"column":37}},"line":144},"63":{"name":"(anonymous_63)","decl":{"start":{"line":145,"column":2},"end":{"line":145,"column":3}},"loc":{"start":{"line":145,"column":20},"end":{"line":145,"column":47}},"line":145},"64":{"name":"(anonymous_64)","decl":{"start":{"line":147,"column":2},"end":{"line":147,"column":3}},"loc":{"start":{"line":147,"column":22},"end":{"line":147,"column":47}},"line":147},"65":{"name":"(anonymous_65)","decl":{"start":{"line":148,"column":2},"end":{"line":148,"column":3}},"loc":{"start":{"line":148,"column":30},"end":{"line":148,"column":63}},"line":148},"66":{"name":"(anonymous_66)","decl":{"start":{"line":149,"column":2},"end":{"line":149,"column":3}},"loc":{"start":{"line":149,"column":26},"end":{"line":149,"column":55}},"line":149},"67":{"name":"(anonymous_67)","decl":{"start":{"line":150,"column":2},"end":{"line":150,"column":3}},"loc":{"start":{"line":150,"column":20},"end":{"line":150,"column":43}},"line":150},"68":{"name":"(anonymous_68)","decl":{"start":{"line":151,"column":2},"end":{"line":151,"column":3}},"loc":{"start":{"line":151,"column":30},"end":{"line":151,"column":63}},"line":151},"69":{"name":"(anonymous_69)","decl":{"start":{"line":155,"column":2},"end":{"line":155,"column":3}},"loc":{"start":{"line":155,"column":128},"end":{"line":159,"column":3}},"line":155},"70":{"name":"(anonymous_70)","decl":{"start":{"line":161,"column":2},"end":{"line":161,"column":3}},"loc":{"start":{"line":161,"column":19},"end":{"line":161,"column":45}},"line":161},"71":{"name":"(anonymous_71)","decl":{"start":{"line":162,"column":2},"end":{"line":162,"column":3}},"loc":{"start":{"line":162,"column":27},"end":{"line":162,"column":61}},"line":162},"72":{"name":"(anonymous_72)","decl":{"start":{"line":164,"column":2},"end":{"line":164,"column":3}},"loc":{"start":{"line":164,"column":28},"end":{"line":164,"column":59}},"line":164},"73":{"name":"(anonymous_73)","decl":{"start":{"line":165,"column":2},"end":{"line":165,"column":3}},"loc":{"start":{"line":165,"column":44},"end":{"line":165,"column":91}},"line":165},"74":{"name":"(anonymous_74)","decl":{"start":{"line":169,"column":2},"end":{"line":169,"column":3}},"loc":{"start":{"line":169,"column":97},"end":{"line":174,"column":3}},"line":169},"75":{"name":"(anonymous_75)","decl":{"start":{"line":176,"column":2},"end":{"line":176,"column":3}},"loc":{"start":{"line":176,"column":18},"end":{"line":176,"column":43}},"line":176},"76":{"name":"(anonymous_76)","decl":{"start":{"line":177,"column":2},"end":{"line":177,"column":3}},"loc":{"start":{"line":177,"column":16},"end":{"line":177,"column":39}},"line":177},"77":{"name":"(anonymous_77)","decl":{"start":{"line":178,"column":2},"end":{"line":178,"column":3}},"loc":{"start":{"line":178,"column":19},"end":{"line":178,"column":45}},"line":178},"78":{"name":"(anonymous_78)","decl":{"start":{"line":180,"column":2},"end":{"line":180,"column":3}},"loc":{"start":{"line":180,"column":26},"end":{"line":180,"column":55}},"line":180},"79":{"name":"(anonymous_79)","decl":{"start":{"line":181,"column":2},"end":{"line":181,"column":3}},"loc":{"start":{"line":181,"column":22},"end":{"line":181,"column":47}},"line":181},"80":{"name":"(anonymous_80)","decl":{"start":{"line":182,"column":2},"end":{"line":182,"column":3}},"loc":{"start":{"line":182,"column":28},"end":{"line":182,"column":59}},"line":182},"81":{"name":"(anonymous_81)","decl":{"start":{"line":186,"column":2},"end":{"line":186,"column":3}},"loc":{"start":{"line":186,"column":83},"end":{"line":190,"column":3}},"line":186},"82":{"name":"(anonymous_82)","decl":{"start":{"line":192,"column":2},"end":{"line":192,"column":3}},"loc":{"start":{"line":192,"column":16},"end":{"line":192,"column":39}},"line":192},"83":{"name":"(anonymous_83)","decl":{"start":{"line":193,"column":2},"end":{"line":193,"column":3}},"loc":{"start":{"line":193,"column":15},"end":{"line":193,"column":37}},"line":193},"84":{"name":"(anonymous_84)","decl":{"start":{"line":195,"column":2},"end":{"line":195,"column":3}},"loc":{"start":{"line":195,"column":22},"end":{"line":195,"column":47}},"line":195},"85":{"name":"(anonymous_85)","decl":{"start":{"line":196,"column":2},"end":{"line":196,"column":3}},"loc":{"start":{"line":196,"column":20},"end":{"line":196,"column":43}},"line":196},"86":{"name":"(anonymous_86)","decl":{"start":{"line":200,"column":2},"end":{"line":200,"column":3}},"loc":{"start":{"line":200,"column":75},"end":{"line":203,"column":3}},"line":200},"87":{"name":"(anonymous_87)","decl":{"start":{"line":205,"column":2},"end":{"line":205,"column":3}},"loc":{"start":{"line":205,"column":15},"end":{"line":205,"column":36}},"line":205},"88":{"name":"(anonymous_88)","decl":{"start":{"line":207,"column":2},"end":{"line":207,"column":3}},"loc":{"start":{"line":207,"column":20},"end":{"line":207,"column":43}},"line":207},"89":{"name":"(anonymous_89)","decl":{"start":{"line":211,"column":2},"end":{"line":211,"column":3}},"loc":{"start":{"line":211,"column":79},"end":{"line":218,"column":3}},"line":211},"90":{"name":"(anonymous_90)","decl":{"start":{"line":220,"column":2},"end":{"line":220,"column":3}},"loc":{"start":{"line":220,"column":14},"end":{"line":220,"column":35}},"line":220},"91":{"name":"(anonymous_91)","decl":{"start":{"line":221,"column":2},"end":{"line":221,"column":3}},"loc":{"start":{"line":221,"column":24},"end":{"line":221,"column":55}},"line":221},"92":{"name":"(anonymous_92)","decl":{"start":{"line":222,"column":2},"end":{"line":222,"column":3}},"loc":{"start":{"line":222,"column":18},"end":{"line":222,"column":43}},"line":222},"93":{"name":"(anonymous_93)","decl":{"start":{"line":223,"column":2},"end":{"line":223,"column":3}},"loc":{"start":{"line":223,"column":13},"end":{"line":223,"column":33}},"line":223},"94":{"name":"(anonymous_94)","decl":{"start":{"line":224,"column":2},"end":{"line":224,"column":3}},"loc":{"start":{"line":224,"column":19},"end":{"line":224,"column":45}},"line":224},"95":{"name":"(anonymous_95)","decl":{"start":{"line":225,"column":2},"end":{"line":225,"column":3}},"loc":{"start":{"line":225,"column":24},"end":{"line":225,"column":55}},"line":225},"96":{"name":"(anonymous_96)","decl":{"start":{"line":227,"column":2},"end":{"line":227,"column":3}},"loc":{"start":{"line":227,"column":18},"end":{"line":227,"column":39}},"line":227},"97":{"name":"(anonymous_97)","decl":{"start":{"line":228,"column":2},"end":{"line":228,"column":3}},"loc":{"start":{"line":228,"column":38},"end":{"line":228,"column":79}},"line":228},"98":{"name":"(anonymous_98)","decl":{"start":{"line":229,"column":2},"end":{"line":229,"column":3}},"loc":{"start":{"line":229,"column":26},"end":{"line":229,"column":55}},"line":229},"99":{"name":"(anonymous_99)","decl":{"start":{"line":230,"column":2},"end":{"line":230,"column":3}},"loc":{"start":{"line":230,"column":16},"end":{"line":230,"column":35}},"line":230},"100":{"name":"(anonymous_100)","decl":{"start":{"line":231,"column":2},"end":{"line":231,"column":3}},"loc":{"start":{"line":231,"column":28},"end":{"line":231,"column":59}},"line":231},"101":{"name":"(anonymous_101)","decl":{"start":{"line":232,"column":2},"end":{"line":232,"column":3}},"loc":{"start":{"line":232,"column":38},"end":{"line":232,"column":79}},"line":232},"102":{"name":"(anonymous_102)","decl":{"start":{"line":236,"column":2},"end":{"line":236,"column":3}},"loc":{"start":{"line":236,"column":54},"end":{"line":242,"column":3}},"line":236},"103":{"name":"(anonymous_103)","decl":{"start":{"line":244,"column":2},"end":{"line":244,"column":3}},"loc":{"start":{"line":244,"column":13},"end":{"line":244,"column":33}},"line":244},"104":{"name":"(anonymous_104)","decl":{"start":{"line":245,"column":2},"end":{"line":245,"column":3}},"loc":{"start":{"line":245,"column":14},"end":{"line":245,"column":35}},"line":245},"105":{"name":"(anonymous_105)","decl":{"start":{"line":246,"column":2},"end":{"line":246,"column":3}},"loc":{"start":{"line":246,"column":16},"end":{"line":246,"column":39}},"line":246},"106":{"name":"(anonymous_106)","decl":{"start":{"line":247,"column":2},"end":{"line":247,"column":3}},"loc":{"start":{"line":247,"column":19},"end":{"line":247,"column":45}},"line":247},"107":{"name":"(anonymous_107)","decl":{"start":{"line":248,"column":2},"end":{"line":248,"column":3}},"loc":{"start":{"line":248,"column":17},"end":{"line":248,"column":41}},"line":248},"108":{"name":"(anonymous_108)","decl":{"start":{"line":250,"column":2},"end":{"line":250,"column":3}},"loc":{"start":{"line":250,"column":16},"end":{"line":250,"column":35}},"line":250},"109":{"name":"(anonymous_109)","decl":{"start":{"line":251,"column":2},"end":{"line":251,"column":3}},"loc":{"start":{"line":251,"column":18},"end":{"line":251,"column":39}},"line":251},"110":{"name":"(anonymous_110)","decl":{"start":{"line":252,"column":2},"end":{"line":252,"column":3}},"loc":{"start":{"line":252,"column":22},"end":{"line":252,"column":47}},"line":252},"111":{"name":"(anonymous_111)","decl":{"start":{"line":253,"column":2},"end":{"line":253,"column":3}},"loc":{"start":{"line":253,"column":28},"end":{"line":253,"column":59}},"line":253},"112":{"name":"(anonymous_112)","decl":{"start":{"line":254,"column":2},"end":{"line":254,"column":3}},"loc":{"start":{"line":254,"column":24},"end":{"line":254,"column":51}},"line":254},"113":{"name":"(anonymous_113)","decl":{"start":{"line":258,"column":2},"end":{"line":258,"column":3}},"loc":{"start":{"line":258,"column":34},"end":{"line":262,"column":3}},"line":258},"114":{"name":"(anonymous_114)","decl":{"start":{"line":264,"column":2},"end":{"line":264,"column":3}},"loc":{"start":{"line":264,"column":13},"end":{"line":264,"column":33}},"line":264},"115":{"name":"(anonymous_115)","decl":{"start":{"line":265,"column":2},"end":{"line":265,"column":3}},"loc":{"start":{"line":265,"column":14},"end":{"line":265,"column":35}},"line":265},"116":{"name":"(anonymous_116)","decl":{"start":{"line":266,"column":2},"end":{"line":266,"column":3}},"loc":{"start":{"line":266,"column":16},"end":{"line":266,"column":39}},"line":266},"117":{"name":"(anonymous_117)","decl":{"start":{"line":268,"column":2},"end":{"line":268,"column":3}},"loc":{"start":{"line":268,"column":16},"end":{"line":268,"column":35}},"line":268},"118":{"name":"(anonymous_118)","decl":{"start":{"line":269,"column":2},"end":{"line":269,"column":3}},"loc":{"start":{"line":269,"column":18},"end":{"line":269,"column":39}},"line":269},"119":{"name":"(anonymous_119)","decl":{"start":{"line":270,"column":2},"end":{"line":270,"column":3}},"loc":{"start":{"line":270,"column":22},"end":{"line":270,"column":47}},"line":270}},"branchMap":{},"s":{"0":12,"1":12,"2":12,"3":12,"4":12,"5":12,"6":12,"7":12,"8":0,"9":0,"10":10,"11":1632,"12":0,"13":0,"14":0,"15":0,"16":0,"17":0,"18":0,"19":0,"20":0,"21":0,"22":0,"23":0,"24":0,"25":0,"26":0,"27":0,"28":0,"29":0,"30":0,"31":0,"32":0,"33":2,"34":2,"35":2,"36":2,"37":2,"38":2,"39":2,"40":2,"41":2,"42":2,"43":2,"44":0,"45":0,"46":5,"47":0,"48":0,"49":0,"50":0,"51":0,"52":0,"53":0,"54":0,"55":0,"56":0,"57":0,"58":0,"59":0,"60":0,"61":0,"62":0,"63":0,"64":0,"65":0,"66":0,"67":0,"68":0,"69":0,"70":0,"71":0,"72":0,"73":0,"74":0,"75":0,"76":0,"77":0,"78":0,"79":0,"80":0,"81":0,"82":0,"83":0,"84":0,"85":0,"86":0,"87":0,"88":0,"89":0,"90":0,"91":0,"92":0,"93":0,"94":0,"95":10,"96":10,"97":10,"98":10,"99":10,"100":10,"101":24,"102":0,"103":0,"104":0,"105":0,"106":0,"107":0,"108":0,"109":0,"110":0,"111":0,"112":0,"113":0,"114":0,"115":0,"116":0,"117":0,"118":0,"119":0,"120":0,"121":0,"122":0,"123":0,"124":0,"125":0,"126":0,"127":0,"128":0,"129":0,"130":0,"131":0,"132":0,"133":0,"134":0,"135":0,"136":0,"137":0,"138":0,"139":0,"140":0,"141":0,"142":0,"143":0,"144":0,"145":0,"146":0,"147":0,"148":0,"149":0,"150":0,"151":0,"152":0,"153":0,"154":0,"155":0,"156":0,"157":0,"158":0,"159":0,"160":0,"161":0,"162":0,"163":0,"164":0,"165":0,"166":0,"167":0,"168":0,"169":0,"170":0,"171":0,"172":0,"173":0,"174":0,"175":0,"176":0,"177":0,"178":0,"179":0,"180":0},"f":{"0":12,"1":12,"2":0,"3":0,"4":10,"5":1632,"6":0,"7":0,"8":0,"9":0,"10":0,"11":0,"12":0,"13":0,"14":0,"15":0,"16":0,"17":2,"18":0,"19":0,"20":5,"21":0,"22":0,"23":0,"24":0,"25":0,"26":0,"27":0,"28":0,"29":0,"30":0,"31":0,"32":0,"33":0,"34":0,"35":0,"36":0,"37":0,"38":0,"39":0,"40":0,"41":0,"42":0,"43":0,"44":0,"45":0,"46":0,"47":0,"48":0,"49":0,"50":0,"51":0,"52":0,"53":0,"54":0,"55":0,"56":0,"57":0,"58":10,"59":24,"60":0,"61":0,"62":0,"63":0,"64":0,"65":0,"66":0,"67":0,"68":0,"69":0,"70":0,"71":0,"72":0,"73":0,"74":0,"75":0,"76":0,"77":0,"78":0,"79":0,"80":0,"81":0,"82":0,"83":0,"84":0,"85":0,"86":0,"87":0,"88":0,"89":0,"90":0,"91":0,"92":0,"93":0,"94":0,"95":0,"96":0,"97":0,"98":0,"99":0,"100":0,"101":0,"102":0,"103":0,"104":0,"105":0,"106":0,"107":0,"108":0,"109":0,"110":0,"111":0,"112":0,"113":0,"114":0,"115":0,"116":0,"117":0,"118":0,"119":0},"b":{},"_coverageSchema":"43e27e138ebf9cfc5966b082cf9a028302ed4184","hash":"45861719eda83c55107020083459da9539d0af50"}
,"/Users/karl/TraiNER-Front-Backend/TraiNER-Frontend/src/components/cards/AnnotationHelper.vue": {"path":"/Users/karl/TraiNER-Front-Backend/TraiNER-Frontend/src/components/cards/AnnotationHelper.vue","statementMap":{"0":{"start":{"line":28,"column":0},"end":{"line":28,"column":null}},"1":{"start":{"line":40,"column":0},"end":{"line":40,"column":null}},"2":{"start":{"line":41,"column":0},"end":{"line":43,"column":null}},"3":{"start":{"line":42,"column":0},"end":{"line":42,"column":null}},"4":{"start":{"line":44,"column":0},"end":{"line":44,"column":null}},"5":{"start":{"line":50,"column":0},"end":{"line":50,"column":null}},"6":{"start":{"line":51,"column":0},"end":{"line":51,"column":null}},"7":{"start":{"line":55,"column":0},"end":{"line":55,"column":null}},"8":{"start":{"line":56,"column":0},"end":{"line":59,"column":null}},"9":{"start":{"line":57,"column":0},"end":{"line":57,"column":null}},"10":{"start":{"line":58,"column":0},"end":{"line":58,"column":null}},"11":{"start":{"line":63,"column":0},"end":{"line":63,"column":null}},"12":{"start":{"line":64,"column":0},"end":{"line":64,"column":null}},"13":{"start":{"line":65,"column":0},"end":{"line":65,"column":null}},"14":{"start":{"line":66,"column":0},"end":{"line":66,"column":null}},"15":{"start":{"line":70,"column":0},"end":{"line":70,"column":null}},"16":{"start":{"line":71,"column":0},"end":{"line":71,"column":null}},"17":{"start":{"line":76,"column":0},"end":{"line":76,"column":null}},"18":{"start":{"line":80,"column":0},"end":{"line":80,"column":null}},"19":{"start":{"line":81,"column":0},"end":{"line":81,"column":null}},"20":{"start":{"line":85,"column":0},"end":{"line":85,"column":null}},"21":{"start":{"line":86,"column":0},"end":{"line":86,"column":null}},"22":{"start":{"line":90,"column":0},"end":{"line":90,"column":null}},"23":{"start":{"line":94,"column":0},"end":{"line":94,"column":null}}},"fnMap":{"0":{"name":"data","decl":{"start":{"line":27,"column":0},"end":{"line":27,"column":null}},"loc":{"start":{"line":27,"column":0},"end":{"line":37,"column":null}}},"1":{"name":"elasticResults","decl":{"start":{"line":40,"column":0},"end":{"line":40,"column":null}},"loc":{"start":{"line":40,"column":0},"end":{"line":45,"column":null}}},"2":{"name":"(anonymous_3)","decl":{"start":{"line":41,"column":0},"end":{"line":41,"column":null}},"loc":{"start":{"line":41,"column":0},"end":{"line":43,"column":null}}},"3":{"name":"setMarkClass","decl":{"start":{"line":49,"column":0},"end":{"line":49,"column":null}},"loc":{"start":{"line":49,"column":0},"end":{"line":52,"column":null}}},"4":{"name":"mouseEnter","decl":{"start":{"line":54,"column":0},"end":{"line":54,"column":null}},"loc":{"start":{"line":54,"column":0},"end":{"line":60,"column":null}}},"5":{"name":"mouseLeave","decl":{"start":{"line":62,"column":0},"end":{"line":62,"column":null}},"loc":{"start":{"line":62,"column":0},"end":{"line":67,"column":null}}},"6":{"name":"updateUserQuery","decl":{"start":{"line":69,"column":0},"end":{"line":69,"column":null}},"loc":{"start":{"line":69,"column":0},"end":{"line":73,"column":null}}},"7":{"name":"resetUserQuery","decl":{"start":{"line":75,"column":0},"end":{"line":75,"column":null}},"loc":{"start":{"line":75,"column":0},"end":{"line":77,"column":null}}},"8":{"name":"resultIncludesUserQuery","decl":{"start":{"line":79,"column":0},"end":{"line":79,"column":null}},"loc":{"start":{"line":79,"column":0},"end":{"line":82,"column":null}}},"9":{"name":"setRefIdAndUpdateAnnotationSource","decl":{"start":{"line":84,"column":0},"end":{"line":84,"column":null}},"loc":{"start":{"line":84,"column":0},"end":{"line":87,"column":null}}},"10":{"name":"removeAnnotation","decl":{"start":{"line":89,"column":0},"end":{"line":89,"column":null}},"loc":{"start":{"line":89,"column":0},"end":{"line":91,"column":null}}},"11":{"name":"removeAnnotationIfNoRefIdIsGiven","decl":{"start":{"line":93,"column":0},"end":{"line":93,"column":null}},"loc":{"start":{"line":93,"column":0},"end":{"line":95,"column":null}}}},"branchMap":{"0":{"loc":{"start":{"line":41,"column":0},"end":{"line":41,"column":null}},"type":"binary-expr","locations":[{"start":{"line":41,"column":0},"end":{"line":41,"column":null}},{"start":{"line":41,"column":0},"end":{"line":43,"column":null}}]},"1":{"loc":{"start":{"line":42,"column":0},"end":{"line":42,"column":null}},"type":"if","locations":[{"start":{"line":42,"column":0},"end":{"line":42,"column":null}},{"start":{"line":42,"column":0},"end":{"line":42,"column":null}}]},"2":{"loc":{"start":{"line":50,"column":0},"end":{"line":50,"column":null}},"type":"if","locations":[{"start":{"line":50,"column":0},"end":{"line":50,"column":null}},{"start":{"line":50,"column":0},"end":{"line":50,"column":null}}]},"3":{"loc":{"start":{"line":51,"column":0},"end":{"line":51,"column":null}},"type":"if","locations":[{"start":{"line":51,"column":0},"end":{"line":51,"column":null}},{"start":{"line":51,"column":0},"end":{"line":51,"column":null}}]},"4":{"loc":{"start":{"line":56,"column":0},"end":{"line":59,"column":null}},"type":"if","locations":[{"start":{"line":56,"column":0},"end":{"line":59,"column":null}},{"start":{"line":56,"column":0},"end":{"line":59,"column":null}}]},"5":{"loc":{"start":{"line":70,"column":0},"end":{"line":70,"column":null}},"type":"binary-expr","locations":[{"start":{"line":70,"column":0},"end":{"line":70,"column":null}},{"start":{"line":70,"column":0},"end":{"line":70,"column":null}}]},"6":{"loc":{"start":{"line":81,"column":0},"end":{"line":81,"column":null}},"type":"binary-expr","locations":[{"start":{"line":81,"column":0},"end":{"line":81,"column":null}},{"start":{"line":81,"column":0},"end":{"line":81,"column":null}},{"start":{"line":81,"column":0},"end":{"line":81,"column":null}}]},"7":{"loc":{"start":{"line":94,"column":0},"end":{"line":94,"column":null}},"type":"if","locations":[{"start":{"line":94,"column":0},"end":{"line":94,"column":null}},{"start":{"line":94,"column":0},"end":{"line":94,"column":null}}]}},"s":{"0":6,"1":1,"2":1,"3":0,"4":0,"5":12,"6":12,"7":1,"8":1,"9":1,"10":0,"11":0,"12":0,"13":0,"14":0,"15":0,"16":0,"17":0,"18":0,"19":0,"20":0,"21":0,"22":0,"23":0},"f":{"0":6,"1":1,"2":0,"3":12,"4":1,"5":0,"6":0,"7":0,"8":0,"9":0,"10":0,"11":0},"b":{"0":[1,0],"1":[0,0],"2":[0,12],"3":[0,12],"4":[1,0],"5":[0,0],"6":[0,0,0],"7":[0,0]}}
,"/Users/karl/TraiNER-Front-Backend/TraiNER-Frontend/src/components/cards/MarkText.vue": {"path":"/Users/karl/TraiNER-Front-Backend/TraiNER-Frontend/src/components/cards/MarkText.vue","statementMap":{"0":{"start":{"line":8,"column":0},"end":{"line":8,"column":null}},"1":{"start":{"line":9,"column":0},"end":{"line":9,"column":null}},"2":{"start":{"line":10,"column":0},"end":{"line":10,"column":null}},"3":{"start":{"line":26,"column":0},"end":{"line":26,"column":null}},"4":{"start":{"line":34,"column":0},"end":{"line":51,"column":null}},"5":{"start":{"line":35,"column":0},"end":{"line":35,"column":null}},"6":{"start":{"line":36,"column":0},"end":{"line":50,"column":null}},"7":{"start":{"line":37,"column":0},"end":{"line":37,"column":null}},"8":{"start":{"line":38,"column":0},"end":{"line":38,"column":null}},"9":{"start":{"line":40,"column":0},"end":{"line":40,"column":null}},"10":{"start":{"line":41,"column":0},"end":{"line":41,"column":null}},"11":{"start":{"line":42,"column":0},"end":{"line":42,"column":null}},"12":{"start":{"line":44,"column":0},"end":{"line":44,"column":null}},"13":{"start":{"line":45,"column":0},"end":{"line":45,"column":null}},"14":{"start":{"line":47,"column":0},"end":{"line":47,"column":null}},"15":{"start":{"line":49,"column":0},"end":{"line":49,"column":null}},"16":{"start":{"line":54,"column":0},"end":{"line":54,"column":null}},"17":{"start":{"line":55,"column":0},"end":{"line":59,"column":null}},"18":{"start":{"line":55,"column":0},"end":{"line":55,"column":null}},"19":{"start":{"line":56,"column":0},"end":{"line":58,"column":null}},"20":{"start":{"line":57,"column":0},"end":{"line":57,"column":null}},"21":{"start":{"line":60,"column":0},"end":{"line":60,"column":null}},"22":{"start":{"line":64,"column":0},"end":{"line":64,"column":null}},"23":{"start":{"line":65,"column":0},"end":{"line":67,"column":null}},"24":{"start":{"line":66,"column":0},"end":{"line":66,"column":null}}},"fnMap":{"0":{"name":"data","decl":{"start":{"line":25,"column":0},"end":{"line":25,"column":null}},"loc":{"start":{"line":25,"column":0},"end":{"line":30,"column":null}}},"1":{"name":"getSelection","decl":{"start":{"line":33,"column":0},"end":{"line":33,"column":null}},"loc":{"start":{"line":33,"column":0},"end":{"line":52,"column":null}}},"2":{"name":"selectionMatchesAnnotation","decl":{"start":{"line":54,"column":0},"end":{"line":54,"column":null}},"loc":{"start":{"line":54,"column":0},"end":{"line":61,"column":null}}},"3":{"name":"userSelectsText","decl":{"start":{"line":63,"column":0},"end":{"line":63,"column":null}},"loc":{"start":{"line":63,"column":0},"end":{"line":68,"column":null}}}},"branchMap":{"0":{"loc":{"start":{"line":34,"column":0},"end":{"line":51,"column":null}},"type":"if","locations":[{"start":{"line":34,"column":0},"end":{"line":51,"column":null}},{"start":{"line":34,"column":0},"end":{"line":51,"column":null}}]},"1":{"loc":{"start":{"line":36,"column":0},"end":{"line":50,"column":null}},"type":"if","locations":[{"start":{"line":36,"column":0},"end":{"line":50,"column":null}},{"start":{"line":36,"column":0},"end":{"line":50,"column":null}}]},"2":{"loc":{"start":{"line":56,"column":0},"end":{"line":58,"column":null}},"type":"if","locations":[{"start":{"line":56,"column":0},"end":{"line":58,"column":null}},{"start":{"line":56,"column":0},"end":{"line":58,"column":null}}]},"3":{"loc":{"start":{"line":56,"column":0},"end":{"line":56,"column":null}},"type":"binary-expr","locations":[{"start":{"line":56,"column":0},"end":{"line":56,"column":null}},{"start":{"line":56,"column":0},"end":{"line":56,"column":null}}]},"4":{"loc":{"start":{"line":54,"column":0},"end":{"line":54,"column":null}},"type":"if","locations":[{"start":{"line":54,"column":0},"end":{"line":54,"column":null}},{"start":{"line":54,"column":0},"end":{"line":54,"column":null}}]},"5":{"loc":{"start":{"line":65,"column":0},"end":{"line":67,"column":null}},"type":"if","locations":[{"start":{"line":65,"column":0},"end":{"line":67,"column":null}},{"start":{"line":65,"column":0},"end":{"line":67,"column":null}}]}},"s":{"0":1,"1":1,"2":1,"3":1,"4":0,"5":0,"6":0,"7":0,"8":0,"9":0,"10":0,"11":0,"12":0,"13":0,"14":0,"15":0,"16":0,"17":0,"18":0,"19":0,"20":0,"21":0,"22":0,"23":0,"24":0},"f":{"0":1,"1":0,"2":0,"3":0},"b":{"0":[0,0],"1":[0,0],"2":[0,0],"3":[0,0],"4":[0,0],"5":[0,0]}}
,"/Users/karl/TraiNER-Front-Backend/TraiNER-Frontend/tests/unit/props.js": {"path":"/Users/karl/TraiNER-Front-Backend/TraiNER-Frontend/tests/unit/props.js","statementMap":{"0":{"start":{"line":3,"column":13},"end":{"line":3,"column":429}},"1":{"start":{"line":4,"column":20},"end":{"line":10,"column":1}},"2":{"start":{"line":12,"column":22},"end":{"line":12,"column":159}}},"fnMap":{},"branchMap":{},"s":{"0":2,"1":2,"2":2},"f":{},"b":{},"_coverageSchema":"43e27e138ebf9cfc5966b082cf9a028302ed4184","hash":"c66163210f5b19ea062ccb661153f6a00ecfd964"}
}
